[zelio-html-demo.vercel.app/index.html]
[backblue.gif]
[fade.gif]
[index.html]
[zelio-html-demo.vercel.app/assets/imgs/template/favicon.svg]
[zelio-html-demo.vercel.app/assets/css/vendors/bootstrap.min.css]
[zelio-html-demo.vercel.app/assets/css/vendors/swiper-bundle.min.css]
[zelio-html-demo.vercel.app/assets/css/vendors/aos.css]
[zelio-html-demo.vercel.app/assets/css/vendors/odometer.css]
[zelio-html-demo.vercel.app/assets/css/vendors/magnific-popup.css]
[zelio-html-demo.vercel.app/assets/fonts/remixicon/remixicon.css]
[zelio-html-demo.vercel.app/assets/fonts/satoshi/satoshi.css]
[zelio-html-demo.vercel.app/assets/css/main.css]
[zelio-html-demo.vercel.app/docs]
[zelio-html-demo.vercel.app/assets/imgs/landing-page/img-1.png]
[zelio-html-demo.vercel.app/assets/imgs/landing-page/background.png]
[zelio-html-demo.vercel.app/index-1]
[zelio-html-demo.vercel.app/assets/imgs/landing-page/home-1.png]
[zelio-html-demo.vercel.app/index-2]
[zelio-html-demo.vercel.app/assets/imgs/landing-page/home-2.png]
[zelio-html-demo.vercel.app/index-3]
[zelio-html-demo.vercel.app/assets/imgs/landing-page/home-3.png]
[zelio-html-demo.vercel.app/assets/imgs/landing-page/icon-1.png]
[zelio-html-demo.vercel.app/assets/imgs/landing-page/icon-2.png]
[zelio-html-demo.vercel.app/assets/imgs/landing-page/icon-3.png]
[zelio-html-demo.vercel.app/assets/imgs/landing-page/icon-4.png]
[zelio-html-demo.vercel.app/assets/imgs/landing-page/icon-5.png]
[zelio-html-demo.vercel.app/assets/imgs/landing-page/icon-6.png]
[zelio-html-demo.vercel.app/assets/imgs/landing-page/icon-7.png]
[zelio-html-demo.vercel.app/assets/imgs/landing-page/icon-8.png]
[zelio-html-demo.vercel.app/assets/imgs/landing-page/icon-9.png]
[zelio-html-demo.vercel.app/assets/imgs/landing-page/icon-10.png]
[zelio-html-demo.vercel.app/assets/imgs/landing-page/icon-11.png]
[zelio-html-demo.vercel.app/assets/imgs/landing-page/icon-12.png]
[zelio-html-demo.vercel.app/assets/js/vendors/jquery-3.7.1.min.js]
[zelio-html-demo.vercel.app/assets/js/vendors/bootstrap.bundle.min.js]
[zelio-html-demo.vercel.app/assets/js/vendors/swiper-bundle.min.js]
[zelio-html-demo.vercel.app/assets/js/vendors/aos.js]
[zelio-html-demo.vercel.app/assets/js/vendors/wow.min.js]
[zelio-html-demo.vercel.app/assets/js/vendors/smart-stick-nav.js]
[zelio-html-demo.vercel.app/assets/js/vendors/jquery.magnific-popup.min.js]
[zelio-html-demo.vercel.app/assets/js/vendors/gsap.min.js]
[zelio-html-demo.vercel.app/assets/js/vendors/imagesloaded.pkgd.min.js]
[zelio-html-demo.vercel.app/assets/js/vendors/isotope.pkgd.min.js]
[zelio-html-demo.vercel.app/assets/js/vendors/ScrollTrigger.min.js]
[zelio-html-demo.vercel.app/assets/js/vendors/jquery.carouselTicker.min.js]
[zelio-html-demo.vercel.app/assets/js/vendors/jquery.odometer.min.js]
[zelio-html-demo.vercel.app/assets/js/vendors/jquery.appear.js]
[zelio-html-demo.vercel.app/assets/js/vendors/gsap-custom.js]
[zelio-html-demo.vercel.app/assets/js/imageRevealHover.js]
[zelio-html-demo.vercel.app/assets/js/vendors/aat.min.js]
[zelio-html-demo.vercel.app/index.html]
[zelio-html-demo.vercel.app/assets/imgs/template/favicon.svg]
[zelio-html-demo.vercel.app/assets/css/vendors/bootstrap.min.css]
[zelio-html-demo.vercel.app/assets/css/vendors/swiper-bundle.min.css]
[zelio-html-demo.vercel.app/assets/css/vendors/aos.css]
[zelio-html-demo.vercel.app/assets/css/vendors/odometer.css]
[zelio-html-demo.vercel.app/assets/css/vendors/carouselTicker.css]
[zelio-html-demo.vercel.app/assets/css/vendors/magnific-popup.css]
[zelio-html-demo.vercel.app/assets/js/main.js]
[zelio-html-demo.vercel.app/assets/fonts/remixicon/remixicon0c93.eot]
[zelio-html-demo.vercel.app/assets/fonts/remixicon/remixicon0c93.woff2]
[zelio-html-demo.vercel.app/assets/fonts/remixicon/remixicon0c93.woff]
[zelio-html-demo.vercel.app/assets/fonts/remixicon/remixicon0c93.ttf]
[zelio-html-demo.vercel.app/assets/fonts/remixicon/remixicon.css]
[zelio-html-demo.vercel.app/assets/fonts/remixicon/remixicon0c93.svg]
[zelio-html-demo.vercel.app/assets/fonts/satoshi/fonts/Satoshi-Light.woff2]
[zelio-html-demo.vercel.app/assets/fonts/satoshi/fonts/Satoshi-Light.woff]
[zelio-html-demo.vercel.app/assets/fonts/satoshi/fonts/Satoshi-Light.ttf]
[zelio-html-demo.vercel.app/assets/fonts/satoshi/fonts/Satoshi-LightItalic.woff2]
[zelio-html-demo.vercel.app/assets/fonts/satoshi/fonts/Satoshi-LightItalic.woff]
[zelio-html-demo.vercel.app/assets/fonts/satoshi/fonts/Satoshi-LightItalic.ttf]
[zelio-html-demo.vercel.app/assets/fonts/satoshi/fonts/Satoshi-Regular.woff2]
[zelio-html-demo.vercel.app/assets/fonts/satoshi/fonts/Satoshi-Regular.woff]
[zelio-html-demo.vercel.app/assets/fonts/satoshi/fonts/Satoshi-Regular.ttf]
[zelio-html-demo.vercel.app/assets/fonts/satoshi/fonts/Satoshi-Italic.woff2]
[zelio-html-demo.vercel.app/assets/fonts/satoshi/fonts/Satoshi-Italic.woff]
[zelio-html-demo.vercel.app/assets/fonts/satoshi/fonts/Satoshi-Italic.ttf]
[zelio-html-demo.vercel.app/assets/fonts/satoshi/fonts/Satoshi-Medium.woff2]
[zelio-html-demo.vercel.app/assets/fonts/satoshi/fonts/Satoshi-Medium.woff]
[zelio-html-demo.vercel.app/assets/fonts/satoshi/fonts/Satoshi-Medium.ttf]
[zelio-html-demo.vercel.app/assets/fonts/satoshi/fonts/Satoshi-MediumItalic.woff2]
[zelio-html-demo.vercel.app/assets/fonts/satoshi/fonts/Satoshi-MediumItalic.woff]
[zelio-html-demo.vercel.app/assets/fonts/satoshi/fonts/Satoshi-MediumItalic.ttf]
[zelio-html-demo.vercel.app/assets/fonts/satoshi/fonts/Satoshi-Bold.woff2]
[zelio-html-demo.vercel.app/assets/fonts/satoshi/fonts/Satoshi-Bold.woff]
[zelio-html-demo.vercel.app/assets/fonts/satoshi/fonts/Satoshi-Bold.ttf]
[zelio-html-demo.vercel.app/assets/fonts/satoshi/fonts/Satoshi-BoldItalic.woff2]
[zelio-html-demo.vercel.app/assets/fonts/satoshi/fonts/Satoshi-BoldItalic.woff]
[zelio-html-demo.vercel.app/assets/fonts/satoshi/fonts/Satoshi-BoldItalic.ttf]
[zelio-html-demo.vercel.app/assets/fonts/satoshi/fonts/Satoshi-Black.woff2]
[zelio-html-demo.vercel.app/assets/fonts/satoshi/fonts/Satoshi-Black.woff]
[zelio-html-demo.vercel.app/assets/fonts/satoshi/fonts/Satoshi-Black.ttf]
[zelio-html-demo.vercel.app/assets/fonts/satoshi/fonts/Satoshi-BlackItalic.woff2]
[zelio-html-demo.vercel.app/assets/fonts/satoshi/fonts/Satoshi-BlackItalic.woff]
[zelio-html-demo.vercel.app/assets/fonts/satoshi/fonts/Satoshi-BlackItalic.ttf]
[zelio-html-demo.vercel.app/assets/fonts/satoshi/fonts/Satoshi-Variable.woff2]
[zelio-html-demo.vercel.app/assets/fonts/satoshi/fonts/Satoshi-Variable.woff]
[zelio-html-demo.vercel.app/assets/fonts/satoshi/fonts/Satoshi-Variable.ttf]
[zelio-html-demo.vercel.app/assets/fonts/satoshi/fonts/Satoshi-VariableItalic.woff2]
[zelio-html-demo.vercel.app/assets/fonts/satoshi/fonts/Satoshi-VariableItalic.woff]
[zelio-html-demo.vercel.app/assets/fonts/satoshi/satoshi.css]
[zelio-html-demo.vercel.app/assets/fonts/satoshi/fonts/Satoshi-VariableItalic.ttf]
[zelio-html-demo.vercel.app/assets/imgs/projects/projects-1/elipse.png]
[zelio-html-demo.vercel.app/assets/css/main.css]
[zelio-html-demo.vercel.app/assets/imgs/landing-page/logo.svg]
[zelio-html-demo.vercel.app/docs/assets/js/vendor/color-modes.js]
[zelio-html-demo.vercel.app/assets/images/favicon.65.delayed]
[zelio-html-demo.vercel.app/docs/assets/syntax-highlighter/styles/shCore.css]
[zelio-html-demo.vercel.app/docs/assets/syntax-highlighter/styles/shThemeDefault.css]
[zelio-html-demo.vercel.app/docs/assets/css/vendor/bootstrap.min.css]
[zelio-html-demo.vercel.app/docs/assets/css/vendor/fontawesome-all.css]
[zelio-html-demo.vercel.app/docs/assets/css/vendor/perfect-scrollbar.css]
[zelio-html-demo.vercel.app/docs/assets/css/main.css]
[zelio-html-demo.vercel.app/docs/assets/images/ali-logo.svg]
[zelio-html-demo.vercel.app/docs/assets/images/ali-text.svg]
[zelio-html-demo.vercel.app/docs/assets/images/logo-light.svg]
[zelio-html-demo.vercel.app/docs/assets/images/logo-dark.svg]
[zelio-html-demo.vercel.app/docs/assets/js/vendor/jquery.min.js]
[zelio-html-demo.vercel.app/docs/assets/js/vendor/jquery-migrate.min.js]
[zelio-html-demo.vercel.app/docs/assets/js/vendor/bootstrap.bundle.min.js]
[zelio-html-demo.vercel.app/docs/assets/js/vendor/perfect-scrollbar.js]
[zelio-html-demo.vercel.app/docs/assets/js/vendor/easing-1.3.js]
[zelio-html-demo.vercel.app/docs/assets/js/main.js]
[zelio-html-demo.vercel.app/docs/assets/js/ie.js]
[zelio-html-demo.vercel.app/docs/assets/syntax-highlighter/scripts/shCore.js]
[zelio-html-demo.vercel.app/docs/assets/syntax-highlighter/scripts/shBrushXml.js]
[zelio-html-demo.vercel.app/docs/assets/syntax-highlighter/scripts/shBrushCss.js]
[zelio-html-demo.vercel.app/docs/assets/syntax-highlighter/scripts/shBrushJScript.js]
[zelio-html-demo.vercel.app/docs]
[zelio-html-demo.vercel.app/docs/assets/syntax-highlighter/scripts/shBrushPhp.js]
[zelio-html-demo.vercel.app/assets/js/vendors/color-modes.js]
[zelio-html-demo.vercel.app/assets/imgs/template/favicon-gradient.svg]
[zelio-html-demo.vercel.app/services]
[zelio-html-demo.vercel.app/work]
[zelio-html-demo.vercel.app/pricing]
[zelio-html-demo.vercel.app/coming-soon]
[zelio-html-demo.vercel.app/404]
[zelio-html-demo.vercel.app/blog-list]
[zelio-html-demo.vercel.app/assets/imgs/footer-1/logo.svg]
[zelio-html-demo.vercel.app/assets/resume.8b.delayed]
[zelio-html-demo.vercel.app/assets/imgs/hero/hero-1/brand-1.png]
[zelio-html-demo.vercel.app/assets/imgs/hero/hero-1/brand-2.png]
[zelio-html-demo.vercel.app/assets/imgs/hero/hero-1/brand-3.png]
[zelio-html-demo.vercel.app/assets/imgs/hero/hero-1/brand-4.png]
[zelio-html-demo.vercel.app/assets/imgs/hero/hero-1/brand-5.png]
[zelio-html-demo.vercel.app/assets/imgs/hero/hero-1/brand-6.png]
[zelio-html-demo.vercel.app/assets/imgs/hero/hero-1/man.png]
[zelio-html-demo.vercel.app/assets/imgs/hero/hero-1/decorate.png]
[zelio-html-demo.vercel.app/work-single]
[zelio-html-demo.vercel.app/assets/imgs/projects/projects-1/img-1.png]
[zelio-html-demo.vercel.app/assets/imgs/projects/projects-1/img-2.png]
[zelio-html-demo.vercel.app/assets/imgs/projects/projects-1/img-3.png]
[zelio-html-demo.vercel.app/assets/imgs/projects/projects-1/img-4.png]
[zelio-html-demo.vercel.app/assets/imgs/resume/resume-1/icon-1.svg]
[zelio-html-demo.vercel.app/assets/imgs/resume/resume-1/icon-2.svg]
[zelio-html-demo.vercel.app/assets/imgs/skills/skills-1/icon-1.png]
[zelio-html-demo.vercel.app/assets/imgs/skills/skills-1/icon-2.png]
[zelio-html-demo.vercel.app/assets/imgs/skills/skills-1/icon-3.png]
[zelio-html-demo.vercel.app/assets/imgs/skills/skills-1/icon-4.png]
[zelio-html-demo.vercel.app/assets/imgs/skills/skills-1/icon-5.png]
[zelio-html-demo.vercel.app/assets/imgs/skills/skills-1/icon-6.png]
[zelio-html-demo.vercel.app/assets/imgs/skills/skills-1/icon-7.png]
[zelio-html-demo.vercel.app/assets/imgs/brands/brands-1/logo-1.png]
[zelio-html-demo.vercel.app/assets/imgs/brands/brands-1/logo-2.png]
[zelio-html-demo.vercel.app/assets/imgs/brands/brands-1/logo-3.png]
[zelio-html-demo.vercel.app/assets/imgs/brands/brands-1/logo-4.png]
[zelio-html-demo.vercel.app/assets/imgs/brands/brands-1/logo-5.png]
[zelio-html-demo.vercel.app/assets/imgs/brands/brands-1/logo-6.png]
[zelio-html-demo.vercel.app/assets/imgs/brands/brands-1/logo-7.png]
[zelio-html-demo.vercel.app/assets/imgs/brands/brands-1/logo-8.png]
[zelio-html-demo.vercel.app/assets/imgs/brands/brands-1/logo-9.png]
[zelio-html-demo.vercel.app/assets/imgs/brands/brands-1/logo-10.png]
[zelio-html-demo.vercel.app/assets/imgs/testimonials/testimonials-1/logo-1.png]
[zelio-html-demo.vercel.app/assets/imgs/testimonials/testimonials-1/avatar-1.png]
[zelio-html-demo.vercel.app/assets/imgs/testimonials/testimonials-1/logo-2.png]
[zelio-html-demo.vercel.app/assets/imgs/testimonials/testimonials-1/avatar-2.png]
[zelio-html-demo.vercel.app/assets/imgs/testimonials/testimonials-1/man.png]
[zelio-html-demo.vercel.app/assets/imgs/testimonials/testimonials-1/decorate.png]
[zelio-html-demo.vercel.app/assets/imgs/blog/blog-1/img-1.png]
[zelio-html-demo.vercel.app/blog-details]
[zelio-html-demo.vercel.app/assets/imgs/blog/blog-1/img-2.png]
[zelio-html-demo.vercel.app/assets/imgs/blog/blog-1/img-3.png]
[zelio-html-demo.vercel.app/index-1]
[zelio-html-demo.vercel.app/assets/imgs/home-page-2/template/favicon.svg]
[zelio-html-demo.vercel.app/assets/imgs/home-page-2/hero-1/people.png]
[zelio-html-demo.vercel.app/assets/imgs/home-page-2/hero-1/icon.svg]
[zelio-html-demo.vercel.app/assets/imgs/home-page-2/hero-1/icon-1.svg]
[zelio-html-demo.vercel.app/assets/imgs/home-page-2/hero-1/icon-2.svg]
[zelio-html-demo.vercel.app/assets/imgs/home-page-2/hero-1/icon-4.svg]
[zelio-html-demo.vercel.app/assets/imgs/home-page-2/hero-1/bg.png]
[zelio-html-demo.vercel.app/assets/imgs/home-page-2/hero-1/bg-dark.png]
[zelio-html-demo.vercel.app/assets/imgs/coporation/avatar.png]
[zelio-html-demo.vercel.app/assets/imgs/home-page-2/services/bg.png]
[zelio-html-demo.vercel.app/assets/imgs/home-page-2/experience/google.svg]
[zelio-html-demo.vercel.app/assets/imgs/home-page-2/experience/amazon.svg]
[zelio-html-demo.vercel.app/assets/imgs/home-page-2/experience/payPal.c7.delayed]
[zelio-html-demo.vercel.app/assets/imgs/home-page-2/projects/img-1.png]
[zelio-html-demo.vercel.app/assets/imgs/home-page-2/projects/bg.png]
[zelio-html-demo.vercel.app/assets/imgs/home-page-2/hero-1/icon-6.svg]
[zelio-html-demo.vercel.app/assets/imgs/home-page-2/hero-1/icon-9.svg]
[zelio-html-demo.vercel.app/assets/imgs/home-page-2/blog/img-1.png]
[zelio-html-demo.vercel.app/assets/imgs/home-page-2/blog/img-2.png]
[zelio-html-demo.vercel.app/assets/imgs/home-page-2/blog/img-3.png]
[zelio-html-demo.vercel.app/index-2]
[zelio-html-demo.vercel.app/assets/imgs/home-page-3/template/favicon.svg]
[zelio-html-demo.vercel.app/assets/imgs/home-page-3/hero/img-1.png]
[zelio-html-demo.vercel.app/assets/imgs/home-page-3/hero/signature.png]
[zelio-html-demo.vercel.app/assets/imgs/home-page-3/typical/img-1.png]
[zelio-html-demo.vercel.app/@@link.d5.delayed]
[zelio-html-demo.vercel.app/assets/imgs/home-page-3/typical/img-2.png]
[zelio-html-demo.vercel.app/assets/imgs/home-page-3/typical/img-3.png]
[zelio-html-demo.vercel.app/assets/imgs/home-page-3/education/icon-1.png]
[zelio-html-demo.vercel.app/assets/imgs/home-page-3/education/icon-2.png]
[zelio-html-demo.vercel.app/assets/imgs/home-page-3/education/icon-3.png]
[zelio-html-demo.vercel.app/assets/imgs/home-page-3/blog/img-1.png]
[zelio-html-demo.vercel.app/assets/imgs/home-page-3/blog/img-2.png]
[zelio-html-demo.vercel.app/assets/imgs/home-page-3/testimonials/author-1.png]
[zelio-html-demo.vercel.app/assets/imgs/home-page-3/testimonials/author-2.png]
[zelio-html-demo.vercel.app/index-3]
[zelio-html-demo.vercel.app/assets/fonts/remixicon/remixicon0c93.svg]
[zelio-html-demo.vercel.app/assets/imgs/template/icons/arrow-right-big.svg]
[zelio-html-demo.vercel.app/assets/imgs/template/icons/arrow-down-big.svg]
[zelio-html-demo.vercel.app/assets/imgs/home-page-2/template/down.svg]
[zelio-html-demo.vercel.app/assets/imgs/template/icons/arrow-right-big-dark.svg]
[zelio-html-demo.vercel.app/assets/images/404]
[zelio-html-demo.vercel.app/docs/assets/syntax-highlighter/styles/shCore.css]
[zelio-html-demo.vercel.app/docs/assets/syntax-highlighter/styles/shThemeDefault.css]
[zelio-html-demo.vercel.app/docs/assets/css/vendor/bootstrap.min.css]
[zelio-html-demo.vercel.app/docs/assets/css/vendor/fonts/fa-brands-400.eot]
[zelio-html-demo.vercel.app/docs/assets/css/vendor/fonts/fa-brands-400d41d.eot]
[zelio-html-demo.vercel.app/docs/assets/css/vendor/fonts/fa-brands-400.woff2]
[zelio-html-demo.vercel.app/docs/assets/css/vendor/fonts/fa-brands-400.woff]
[zelio-html-demo.vercel.app/docs/assets/css/vendor/fonts/fa-brands-400.ttf]
[zelio-html-demo.vercel.app/docs/assets/css/vendor/fonts/fa-brands-400.svg]
[zelio-html-demo.vercel.app/docs/assets/css/vendor/fonts/fa-regular-400.eot]
[zelio-html-demo.vercel.app/docs/assets/css/vendor/fonts/fa-regular-400d41d.eot]
[zelio-html-demo.vercel.app/docs/assets/css/vendor/fonts/fa-regular-400.woff2]
[zelio-html-demo.vercel.app/docs/assets/css/vendor/fonts/fa-regular-400.woff]
[zelio-html-demo.vercel.app/docs/assets/css/vendor/fonts/fa-regular-400.ttf]
[zelio-html-demo.vercel.app/docs/assets/css/vendor/fonts/fa-regular-400.svg]
[zelio-html-demo.vercel.app/docs/assets/css/vendor/fonts/fa-solid-900.eot]
[zelio-html-demo.vercel.app/docs/assets/css/vendor/fonts/fa-solid-900d41d.eot]
[zelio-html-demo.vercel.app/docs/assets/css/vendor/fonts/fa-solid-900.woff2]
[zelio-html-demo.vercel.app/docs/assets/css/vendor/fonts/fa-solid-900.woff]
[zelio-html-demo.vercel.app/docs/assets/css/vendor/fonts/fa-solid-900.ttf]
[zelio-html-demo.vercel.app/docs/assets/css/vendor/fontawesome-all.css]
[zelio-html-demo.vercel.app/docs/assets/css/vendor/perfect-scrollbar.css]
[zelio-html-demo.vercel.app/docs/assets/css/main.css]
[zelio-html-demo.vercel.app/docs/assets/images/ali-logo.svg]
[zelio-html-demo.vercel.app/docs/assets/images/ali-text.svg]
[zelio-html-demo.vercel.app/docs/assets/images/logo-light.svg]
[zelio-html-demo.vercel.app/docs/assets/images/logo-dark.svg]
[zelio-html-demo.vercel.app/assets/imgs/template/favicon-gradient.svg]
[zelio-html-demo.vercel.app/docs/assets/css/vendor/fonts/fa-solid-900.svg]
[zelio-html-demo.vercel.app/assets/imgs/services-list/img-1.png]
[zelio-html-demo.vercel.app/assets/imgs/services-list/img-2.png]
[zelio-html-demo.vercel.app/assets/imgs/services-list/img-3.png]
[zelio-html-demo.vercel.app/assets/imgs/services-list/img-4.png]
[zelio-html-demo.vercel.app/services]
[zelio-html-demo.vercel.app/assets/imgs/work/img-1.png]
[zelio-html-demo.vercel.app/assets/imgs/work/img-2.png]
[zelio-html-demo.vercel.app/assets/imgs/work/img-3.png]
[zelio-html-demo.vercel.app/assets/imgs/work/img-4.png]
[zelio-html-demo.vercel.app/work]
[zelio-html-demo.vercel.app/pricing]
[zelio-html-demo.vercel.app/assets/imgs/template/coming-soon.png]
[zelio-html-demo.vercel.app/coming-soon]
[zelio-html-demo.vercel.app/assets/imgs/template/404.png]
[zelio-html-demo.vercel.app/404]
[zelio-html-demo.vercel.app/assets/imgs/blog/blog-1/img-4.png]
[zelio-html-demo.vercel.app/assets/imgs/blog/blog-1/img-5.png]
[zelio-html-demo.vercel.app/assets/imgs/blog/blog-1/img-6.png]
[zelio-html-demo.vercel.app/assets/imgs/blog/blog-1/img-7.png]
[zelio-html-demo.vercel.app/assets/imgs/blog/blog-1/img-8.png]
[zelio-html-demo.vercel.app/assets/imgs/blog/blog-1/img-9.png]
[zelio-html-demo.vercel.app/blog-list]
[zelio-html-demo.vercel.app/assets/imgs/footer-1/logo.svg]
[zelio-html-demo.vercel.app/assets/404]
[zelio-html-demo.vercel.app/assets/imgs/work/img-background.png]
[zelio-html-demo.vercel.app/work-single]
[zelio-html-demo.vercel.app/assets/imgs/resume/resume-1/icon-1.svg]
[zelio-html-demo.vercel.app/assets/imgs/resume/resume-1/icon-2.svg]
[zelio-html-demo.vercel.app/assets/imgs/blog/blog-1/img-background.png]
[zelio-html-demo.vercel.app/assets/imgs/blog/blog-1/img-10.png]
[zelio-html-demo.vercel.app/assets/imgs/blog/blog-1/img-11.png]
[zelio-html-demo.vercel.app/assets/imgs/blog/blog-1/img-12.png]
[zelio-html-demo.vercel.app/blog-details]
[zelio-html-demo.vercel.app/assets/imgs/home-page-2/template/favicon.svg]
[zelio-html-demo.vercel.app/assets/imgs/home-page-2/hero-1/icon.svg]
[zelio-html-demo.vercel.app/assets/imgs/home-page-2/hero-1/icon-1.svg]
[zelio-html-demo.vercel.app/assets/imgs/home-page-2/hero-1/icon-2.svg]
[zelio-html-demo.vercel.app/assets/imgs/home-page-2/hero-1/icon-3.svg]
[zelio-html-demo.vercel.app/assets/imgs/home-page-2/hero-1/icon-4.svg]
[zelio-html-demo.vercel.app/assets/imgs/home-page-2/hero-1/icon-5.svg]
[zelio-html-demo.vercel.app/assets/imgs/home-page-2/experience/google.svg]
[zelio-html-demo.vercel.app/assets/imgs/home-page-2/experience/twitter.svg]
[zelio-html-demo.vercel.app/assets/imgs/home-page-2/experience/amazon.svg]
[zelio-html-demo.vercel.app/assets/imgs/home-page-2/experience/404]
[zelio-html-demo.vercel.app/assets/imgs/home-page-2/hero-1/icon-6.svg]
[zelio-html-demo.vercel.app/assets/imgs/home-page-2/hero-1/icon-7.svg]
[zelio-html-demo.vercel.app/assets/imgs/home-page-2/hero-1/icon-8.svg]
[zelio-html-demo.vercel.app/assets/imgs/home-page-2/hero-1/icon-9.svg]
[zelio-html-demo.vercel.app/assets/imgs/home-page-3/template/favicon.svg]
[zelio-html-demo.vercel.app/404-2]
[zelio-html-demo.vercel.app/docs/assets/css/vendor/fonts/fa-brands-400.svg]
[zelio-html-demo.vercel.app/docs/assets/css/vendor/fonts/fa-regular-400.svg]
[zelio-html-demo.vercel.app/docs/assets/css/vendor/fonts/fa-solid-900.svg]
